<?xml version="1.0" encoding="UTF-8"?>
<!-- Generated by org.testng.reporters.JUnitXMLReporter -->
<<<<<<< HEAD
<testsuite hostname="leomahesh-PC" name="Test" tests="9" failures="7" timestamp="18 Sep 2019 09:47:59 GMT" time="98.971" errors="0">
  <testcase name="Test1" time="0.033" classname="com.juniper.suite.TestFramWork"/>
  <testcase name="Test2" time="3.307" classname="com.juniper.suite.TestFramWork">
    <failure type="org.openqa.selenium.NoSuchElementException" message="Unable to find element with xpath == //img[@src=&amp;apos;/juniper-sh-qa-c-20/Content/Encor-electronics-logo.png&amp;apos;] (WARNING: The server did not provide any stacktrace information)
Command duration or timeout: 0 milliseconds
For documentation on this error, please visit: http://seleniumhq.org/exceptions/no_such_element.html
=======
<testsuite hostname="leomahesh-PC" name="Test" tests="9" failures="0" timestamp="22 Apr 2019 07:16:53 GMT" time="40.766" errors="0">
  <testcase name="@BeforeMethod beforeClass" time="0.0" classname="com.juniper.suite.TestFramWork">
    <failure type="org.openqa.selenium.UnhandledAlertException" message="Modal dialog present: 
>>>>>>> refs/remotes/origin/master
Build info: version: &amp;apos;3.141.5&amp;apos;, revision: &amp;apos;d54ebd709a&amp;apos;, time: &amp;apos;2018-11-06T11:42:16&amp;apos;
<<<<<<< HEAD
System info: host: &amp;apos;LEOMAHESH-PC&amp;apos;, ip: &amp;apos;10.10.4.59&amp;apos;, os.name: &amp;apos;Windows 7&amp;apos;, os.arch: &amp;apos;amd64&amp;apos;, os.version: &amp;apos;6.1&amp;apos;, java.version: &amp;apos;1.8.0_20&amp;apos;
=======
System info: host: &amp;apos;LEOMAHESH-PC&amp;apos;, ip: &amp;apos;10.10.5.1&amp;apos;, os.name: &amp;apos;Windows 7&amp;apos;, os.arch: &amp;apos;amd64&amp;apos;, os.version: &amp;apos;6.1&amp;apos;, java.version: &amp;apos;1.8.0_20&amp;apos;
>>>>>>> refs/remotes/origin/master
Driver info: org.openqa.selenium.ie.InternetExplorerDriver
<<<<<<< HEAD
Capabilities {browserAttachTimeout: 0, browserName: internet explorer, cssSelectorsEnabled: true, elementScrollBehavior: 0, enableElementCacheCleanup: true, enablePersistentHover: true, handlesAlerts: true, ie.browserCommandLineSwitches: , ie.ensureCleanSession: false, ie.forceCreateProcessApi: false, ie.usePerProcessProxy: false, ignoreProtectedModeSettings: false, ignoreZoomSetting: false, initialBrowserUrl: http://localhost:18293/, javascriptEnabled: true, nativeEvents: true, pageLoadStrategy: normal, platform: WINDOWS, platformName: WINDOWS, requireWindowFocus: false, takesScreenshot: true, unexpectedAlertBehaviour: dismiss, unhandledPromptBehavior: dismiss, version: 11}
Session ID: 17c2617a-37d5-4fdd-bdc5-152d5df0a943
*** Element info: {Using=xpath, value=//img[@src=&amp;apos;/juniper-sh-qa-c-20/Content/Encor-electronics-logo.png&amp;apos;]}">
      <![CDATA[org.openqa.selenium.NoSuchElementException: Unable to find element with xpath == //img[@src='/juniper-sh-qa-c-20/Content/Encor-electronics-logo.png'] (WARNING: The server did not provide any stacktrace information)
Command duration or timeout: 0 milliseconds
For documentation on this error, please visit: http://seleniumhq.org/exceptions/no_such_element.html
=======
Capabilities {browserAttachTimeout: 0, browserName: internet explorer, cssSelectorsEnabled: true, elementScrollBehavior: 0, enableElementCacheCleanup: true, enablePersistentHover: true, handlesAlerts: true, ie.browserCommandLineSwitches: , ie.ensureCleanSession: false, ie.forceCreateProcessApi: false, ie.usePerProcessProxy: false, ignoreProtectedModeSettings: false, ignoreZoomSetting: false, initialBrowserUrl: http://localhost:10441/, javascriptEnabled: true, nativeEvents: true, pageLoadStrategy: normal, platform: WINDOWS, platformName: WINDOWS, requireWindowFocus: false, takesScreenshot: true, unexpectedAlertBehaviour: dismiss, unhandledPromptBehavior: dismiss, version: 11}
Session ID: 782b0ef8-2f67-41e1-8828-aa3d6b8bc7e6">
      <![CDATA[org.openqa.selenium.UnhandledAlertException: Modal dialog present: 
>>>>>>> refs/remotes/origin/master
Build info: version: '3.141.5', revision: 'd54ebd709a', time: '2018-11-06T11:42:16'
<<<<<<< HEAD
System info: host: 'LEOMAHESH-PC', ip: '10.10.4.59', os.name: 'Windows 7', os.arch: 'amd64', os.version: '6.1', java.version: '1.8.0_20'
=======
System info: host: 'LEOMAHESH-PC', ip: '10.10.5.1', os.name: 'Windows 7', os.arch: 'amd64', os.version: '6.1', java.version: '1.8.0_20'
>>>>>>> refs/remotes/origin/master
Driver info: org.openqa.selenium.ie.InternetExplorerDriver
<<<<<<< HEAD
Capabilities {browserAttachTimeout: 0, browserName: internet explorer, cssSelectorsEnabled: true, elementScrollBehavior: 0, enableElementCacheCleanup: true, enablePersistentHover: true, handlesAlerts: true, ie.browserCommandLineSwitches: , ie.ensureCleanSession: false, ie.forceCreateProcessApi: false, ie.usePerProcessProxy: false, ignoreProtectedModeSettings: false, ignoreZoomSetting: false, initialBrowserUrl: http://localhost:18293/, javascriptEnabled: true, nativeEvents: true, pageLoadStrategy: normal, platform: WINDOWS, platformName: WINDOWS, requireWindowFocus: false, takesScreenshot: true, unexpectedAlertBehaviour: dismiss, unhandledPromptBehavior: dismiss, version: 11}
Session ID: 17c2617a-37d5-4fdd-bdc5-152d5df0a943
*** Element info: {Using=xpath, value=//img[@src='/juniper-sh-qa-c-20/Content/Encor-electronics-logo.png']}
=======
Capabilities {browserAttachTimeout: 0, browserName: internet explorer, cssSelectorsEnabled: true, elementScrollBehavior: 0, enableElementCacheCleanup: true, enablePersistentHover: true, handlesAlerts: true, ie.browserCommandLineSwitches: , ie.ensureCleanSession: false, ie.forceCreateProcessApi: false, ie.usePerProcessProxy: false, ignoreProtectedModeSettings: false, ignoreZoomSetting: false, initialBrowserUrl: http://localhost:10441/, javascriptEnabled: true, nativeEvents: true, pageLoadStrategy: normal, platform: WINDOWS, platformName: WINDOWS, requireWindowFocus: false, takesScreenshot: true, unexpectedAlertBehaviour: dismiss, unhandledPromptBehavior: dismiss, version: 11}
Session ID: 782b0ef8-2f67-41e1-8828-aa3d6b8bc7e6
>>>>>>> refs/remotes/origin/master
	at org.openqa.selenium.remote.ErrorHandler.createThrowable(ErrorHandler.java:214)
	at org.openqa.selenium.remote.ErrorHandler.createUnhandledAlertException(ErrorHandler.java:195)
	at org.openqa.selenium.remote.ErrorHandler.throwIfResponseFailed(ErrorHandler.java:156)
	at org.openqa.selenium.remote.http.JsonHttpResponseCodec.reconstructValue(JsonHttpResponseCodec.java:40)
	at org.openqa.selenium.remote.http.AbstractHttpResponseCodec.decode(AbstractHttpResponseCodec.java:80)
	at org.openqa.selenium.remote.http.AbstractHttpResponseCodec.decode(AbstractHttpResponseCodec.java:44)
	at org.openqa.selenium.remote.HttpCommandExecutor.execute(HttpCommandExecutor.java:158)
	at org.openqa.selenium.remote.service.DriverCommandExecutor.execute(DriverCommandExecutor.java:83)
	at org.openqa.selenium.remote.RemoteWebDriver.execute(RemoteWebDriver.java:552)
<<<<<<< HEAD
	at org.openqa.selenium.remote.RemoteWebDriver.findElement(RemoteWebDriver.java:323)
	at org.openqa.selenium.remote.RemoteWebDriver.findElementByXPath(RemoteWebDriver.java:428)
	at org.openqa.selenium.By$ByXPath.findElement(By.java:353)
	at org.openqa.selenium.remote.RemoteWebDriver.findElement(RemoteWebDriver.java:315)
	at org.openqa.selenium.support.events.EventFiringWebDriver.lambda$new$1(EventFiringWebDriver.java:105)
	at org.openqa.selenium.support.events.EventFiringWebDriver$$Lambda$207/1237825806.invoke(Unknown Source)
	at com.sun.proxy.$Proxy5.findElement(Unknown Source)
	at org.openqa.selenium.support.events.EventFiringWebDriver.findElement(EventFiringWebDriver.java:194)
	at org.openqa.selenium.support.pagefactory.DefaultElementLocator.findElement(DefaultElementLocator.java:69)
	at org.openqa.selenium.support.pagefactory.internal.LocatingElementHandler.invoke(LocatingElementHandler.java:38)
	at com.sun.proxy.$Proxy9.getAttribute(Unknown Source)
	at com.juniper.suite.TestFramWork.Test2(TestFramWork.java:55)
... Removed 35 stack frames]]>
=======
	at org.openqa.selenium.remote.RemoteWebDriver$RemoteWebDriverOptions$RemoteTimeouts.implicitlyWait(RemoteWebDriver.java:780)
	at com.juniper.utility.ConfigBaseClass.initialize(ConfigBaseClass.java:71)
	at com.juniper.utility.ConfigBaseClass.beforeClass(ConfigBaseClass.java:30)
... Removed 33 stack frames]]>
>>>>>>> refs/remotes/origin/master
    </failure>
  </testcase> <!-- @BeforeMethod beforeClass -->
  <testcase name="@AfterMethod afterClass" time="0.0" classname="com.juniper.suite.TestFramWork">
    <skipped/>
  </testcase> <!-- @AfterMethod afterClass -->
  <testcase name="@BeforeMethod beforeClass" time="0.0" classname="com.juniper.suite.TestFramWork">
    <skipped/>
  </testcase> <!-- @BeforeMethod beforeClass -->
  <testcase name="@AfterMethod afterClass" time="0.0" classname="com.juniper.suite.TestFramWork">
    <skipped/>
  </testcase> <!-- @AfterMethod afterClass -->
  <testcase name="@BeforeMethod beforeClass" time="0.0" classname="com.juniper.suite.TestFramWork">
    <skipped/>
  </testcase> <!-- @BeforeMethod beforeClass -->
  <testcase name="@AfterMethod afterClass" time="0.0" classname="com.juniper.suite.TestFramWork">
    <skipped/>
  </testcase> <!-- @AfterMethod afterClass -->
  <testcase name="@BeforeMethod beforeClass" time="0.0" classname="com.juniper.suite.TestFramWork">
    <skipped/>
  </testcase> <!-- @BeforeMethod beforeClass -->
  <testcase name="@AfterMethod afterClass" time="0.0" classname="com.juniper.suite.TestFramWork">
    <skipped/>
  </testcase> <!-- @AfterMethod afterClass -->
  <testcase name="@BeforeMethod beforeClass" time="0.0" classname="com.juniper.suite.TestFramWork">
    <skipped/>
  </testcase> <!-- @BeforeMethod beforeClass -->
  <testcase name="@AfterMethod afterClass" time="0.0" classname="com.juniper.suite.TestFramWork">
    <skipped/>
  </testcase> <!-- @AfterMethod afterClass -->
  <testcase name="@BeforeMethod beforeClass" time="0.0" classname="com.juniper.suite.TestFramWork">
    <skipped/>
  </testcase> <!-- @BeforeMethod beforeClass -->
  <testcase name="@AfterMethod afterClass" time="0.0" classname="com.juniper.suite.TestFramWork">
    <skipped/>
  </testcase> <!-- @AfterMethod afterClass -->
  <testcase name="@BeforeMethod beforeClass" time="0.0" classname="com.juniper.suite.TestFramWork">
    <skipped/>
  </testcase> <!-- @BeforeMethod beforeClass -->
  <testcase name="@AfterMethod afterClass" time="0.0" classname="com.juniper.suite.TestFramWork">
    <skipped/>
  </testcase> <!-- @AfterMethod afterClass -->
  <testcase name="@BeforeMethod beforeClass" time="0.0" classname="com.juniper.suite.TestFramWork">
    <skipped/>
  </testcase> <!-- @BeforeMethod beforeClass -->
  <testcase name="@AfterMethod afterClass" time="0.0" classname="com.juniper.suite.TestFramWork">
    <skipped/>
  </testcase> <!-- @AfterMethod afterClass -->
  <testcase name="@BeforeMethod beforeClass" time="0.0" classname="com.juniper.suite.TestFramWork">
    <skipped/>
  </testcase> <!-- @BeforeMethod beforeClass -->
  <testcase name="@AfterMethod afterClass" time="0.0" classname="com.juniper.suite.TestFramWork">
    <skipped/>
  </testcase> <!-- @AfterMethod afterClass -->
  <testcase name="Test1" time="0.001" classname="com.juniper.suite.TestFramWork">
    <skipped/>
  </testcase> <!-- Test1 -->
  <testcase name="Test2" time="0.0" classname="com.juniper.suite.TestFramWork">
    <skipped/>
  </testcase> <!-- Test2 -->
<<<<<<< HEAD
  <testcase name="Test3" time="2.178" classname="com.juniper.suite.TestFramWork"/>
  <testcase name="Test4" time="1.347" classname="com.juniper.suite.TestFramWork">
    <failure type="java.lang.AssertionError" message="NotMatch expected [Rate Measures For Q1 2018 (EH)] but found [Rate Measures For 2019 Calendar Year (EH)]">
      <![CDATA[java.lang.AssertionError: NotMatch expected [Rate Measures For Q1 2018 (EH)] but found [Rate Measures For 2019 Calendar Year (EH)]
	at com.juniper.suite.TestFramWork.Test4(TestFramWork.java:85)
... Removed 32 stack frames]]>
    </failure>
=======
  <testcase name="Test3" time="0.0" classname="com.juniper.suite.TestFramWork">
    <skipped/>
  </testcase> <!-- Test3 -->
  <testcase name="Test4" time="0.0" classname="com.juniper.suite.TestFramWork">
    <skipped/>
>>>>>>> refs/remotes/origin/master
  </testcase> <!-- Test4 -->
<<<<<<< HEAD
  <testcase name="Test5" time="0.654" classname="com.juniper.suite.TestFramWork">
    <failure type="java.lang.AssertionError" message="NotMatch expected [EH Objective Measures For Period Q1 2018] but found [EH PI Measures For Period 2019 Calendar Year]">
      <![CDATA[java.lang.AssertionError: NotMatch expected [EH Objective Measures For Period Q1 2018] but found [EH PI Measures For Period 2019 Calendar Year]
	at com.juniper.suite.TestFramWork.Test5(TestFramWork.java:167)
... Removed 32 stack frames]]>
    </failure>
=======
  <testcase name="Test5" time="0.0" classname="com.juniper.suite.TestFramWork">
    <skipped/>
>>>>>>> refs/remotes/origin/master
  </testcase> <!-- Test5 -->
<<<<<<< HEAD
  <testcase name="Test6" time="10.763" classname="com.juniper.suite.TestFramWork">
    <failure type="org.openqa.selenium.NoSuchElementException" message="Unable to find element with xpath == //ul[@id=&amp;apos;epECQMTab&amp;apos;]/li[1]/a (WARNING: The server did not provide any stacktrace information)
Command duration or timeout: 0 milliseconds
For documentation on this error, please visit: http://seleniumhq.org/exceptions/no_such_element.html
Build info: version: &amp;apos;3.141.5&amp;apos;, revision: &amp;apos;d54ebd709a&amp;apos;, time: &amp;apos;2018-11-06T11:42:16&amp;apos;
System info: host: &amp;apos;LEOMAHESH-PC&amp;apos;, ip: &amp;apos;10.10.4.59&amp;apos;, os.name: &amp;apos;Windows 7&amp;apos;, os.arch: &amp;apos;amd64&amp;apos;, os.version: &amp;apos;6.1&amp;apos;, java.version: &amp;apos;1.8.0_20&amp;apos;
Driver info: org.openqa.selenium.ie.InternetExplorerDriver
Capabilities {browserAttachTimeout: 0, browserName: internet explorer, cssSelectorsEnabled: true, elementScrollBehavior: 0, enableElementCacheCleanup: true, enablePersistentHover: true, handlesAlerts: true, ie.browserCommandLineSwitches: , ie.ensureCleanSession: false, ie.forceCreateProcessApi: false, ie.usePerProcessProxy: false, ignoreProtectedModeSettings: false, ignoreZoomSetting: false, initialBrowserUrl: http://localhost:45598/, javascriptEnabled: true, nativeEvents: true, pageLoadStrategy: normal, platform: WINDOWS, platformName: WINDOWS, requireWindowFocus: false, takesScreenshot: true, unexpectedAlertBehaviour: dismiss, unhandledPromptBehavior: dismiss, version: 11}
Session ID: 219883e2-236a-47ef-81f9-651060b64072
*** Element info: {Using=xpath, value=//ul[@id=&amp;apos;epECQMTab&amp;apos;]/li[1]/a}">
      <![CDATA[org.openqa.selenium.NoSuchElementException: Unable to find element with xpath == //ul[@id='epECQMTab']/li[1]/a (WARNING: The server did not provide any stacktrace information)
Command duration or timeout: 0 milliseconds
For documentation on this error, please visit: http://seleniumhq.org/exceptions/no_such_element.html
Build info: version: '3.141.5', revision: 'd54ebd709a', time: '2018-11-06T11:42:16'
System info: host: 'LEOMAHESH-PC', ip: '10.10.4.59', os.name: 'Windows 7', os.arch: 'amd64', os.version: '6.1', java.version: '1.8.0_20'
Driver info: org.openqa.selenium.ie.InternetExplorerDriver
Capabilities {browserAttachTimeout: 0, browserName: internet explorer, cssSelectorsEnabled: true, elementScrollBehavior: 0, enableElementCacheCleanup: true, enablePersistentHover: true, handlesAlerts: true, ie.browserCommandLineSwitches: , ie.ensureCleanSession: false, ie.forceCreateProcessApi: false, ie.usePerProcessProxy: false, ignoreProtectedModeSettings: false, ignoreZoomSetting: false, initialBrowserUrl: http://localhost:45598/, javascriptEnabled: true, nativeEvents: true, pageLoadStrategy: normal, platform: WINDOWS, platformName: WINDOWS, requireWindowFocus: false, takesScreenshot: true, unexpectedAlertBehaviour: dismiss, unhandledPromptBehavior: dismiss, version: 11}
Session ID: 219883e2-236a-47ef-81f9-651060b64072
*** Element info: {Using=xpath, value=//ul[@id='epECQMTab']/li[1]/a}
	at org.openqa.selenium.remote.ErrorHandler.createThrowable(ErrorHandler.java:214)
	at org.openqa.selenium.remote.ErrorHandler.throwIfResponseFailed(ErrorHandler.java:166)
	at org.openqa.selenium.remote.http.JsonHttpResponseCodec.reconstructValue(JsonHttpResponseCodec.java:40)
	at org.openqa.selenium.remote.http.AbstractHttpResponseCodec.decode(AbstractHttpResponseCodec.java:80)
	at org.openqa.selenium.remote.http.AbstractHttpResponseCodec.decode(AbstractHttpResponseCodec.java:44)
	at org.openqa.selenium.remote.HttpCommandExecutor.execute(HttpCommandExecutor.java:158)
	at org.openqa.selenium.remote.service.DriverCommandExecutor.execute(DriverCommandExecutor.java:83)
	at org.openqa.selenium.remote.RemoteWebDriver.execute(RemoteWebDriver.java:552)
	at org.openqa.selenium.remote.RemoteWebDriver.findElement(RemoteWebDriver.java:323)
	at org.openqa.selenium.remote.RemoteWebDriver.findElementByXPath(RemoteWebDriver.java:428)
	at org.openqa.selenium.By$ByXPath.findElement(By.java:353)
	at org.openqa.selenium.remote.RemoteWebDriver.findElement(RemoteWebDriver.java:315)
	at org.openqa.selenium.support.events.EventFiringWebDriver.lambda$new$1(EventFiringWebDriver.java:105)
	at org.openqa.selenium.support.events.EventFiringWebDriver$$Lambda$207/1237825806.invoke(Unknown Source)
	at com.sun.proxy.$Proxy5.findElement(Unknown Source)
	at org.openqa.selenium.support.events.EventFiringWebDriver.findElement(EventFiringWebDriver.java:194)
	at org.openqa.selenium.support.pagefactory.DefaultElementLocator.findElement(DefaultElementLocator.java:69)
	at org.openqa.selenium.support.pagefactory.internal.LocatingElementHandler.invoke(LocatingElementHandler.java:38)
	at com.sun.proxy.$Proxy9.click(Unknown Source)
	at com.juniper.suite.TestFramWork.Test6(TestFramWork.java:184)
... Removed 35 stack frames]]>
    </failure>
=======
  <testcase name="Test6" time="0.0" classname="com.juniper.suite.TestFramWork">
    <skipped/>
>>>>>>> refs/remotes/origin/master
  </testcase> <!-- Test6 -->
<<<<<<< HEAD
  <testcase name="Test7" time="1.301" classname="com.juniper.suite.TestFramWork">
    <failure type="java.lang.AssertionError" message="NotMatch expected [Improvement Activities Implementation for 01/01/2017 to 12/31/2017] but found []">
      <![CDATA[java.lang.AssertionError: NotMatch expected [Improvement Activities Implementation for 01/01/2017 to 12/31/2017] but found []
	at com.juniper.suite.TestFramWork.Test7(TestFramWork.java:218)
... Removed 32 stack frames]]>
    </failure>
=======
  <testcase name="Test7" time="0.0" classname="com.juniper.suite.TestFramWork">
    <skipped/>
>>>>>>> refs/remotes/origin/master
  </testcase> <!-- Test7 -->
<<<<<<< HEAD
  <testcase name="Test8" time="0.816" classname="com.juniper.suite.TestFramWork">
    <failure type="java.lang.AssertionError" message="NotMatch expected [ACI Transition Measures For Period Q1 2018] but found []">
      <![CDATA[java.lang.AssertionError: NotMatch expected [ACI Transition Measures For Period Q1 2018] but found []
	at com.juniper.suite.TestFramWork.Test8(TestFramWork.java:245)
... Removed 32 stack frames]]>
    </failure>
=======
  <testcase name="Test8" time="0.0" classname="com.juniper.suite.TestFramWork">
    <skipped/>
>>>>>>> refs/remotes/origin/master
  </testcase> <!-- Test8 -->
<<<<<<< HEAD
  <testcase name="Test9" time="0.894" classname="com.juniper.suite.TestFramWork">
    <failure type="java.lang.AssertionError" message="NotMatch expected [Submission Schedule] but found [PI EC]">
      <![CDATA[java.lang.AssertionError: NotMatch expected [Submission Schedule] but found [PI EC]
	at com.juniper.suite.TestFramWork.Test9(TestFramWork.java:264)
... Removed 32 stack frames]]>
    </failure>
=======
  <testcase name="Test9" time="0.0" classname="com.juniper.suite.TestFramWork">
    <skipped/>
>>>>>>> refs/remotes/origin/master
  </testcase> <!-- Test9 -->
</testsuite> <!-- Test -->
