-------------------------------------------------------------------------------
Test set: TestSuite
-------------------------------------------------------------------------------
Tests run: 9, Failures: 7, Errors: 0, Skipped: 0, Time elapsed: 123.779 sec <<< FAILURE! - in TestSuite
Test2(com.juniper.suite.TestFramWork)  Time elapsed: 3.289 sec  <<< FAILURE!
org.openqa.selenium.NoSuchElementException: 
Unable to find element with xpath == //img[@src='/juniper-sh-qa-c-20/Content/Encor-electronics-logo.png'] (WARNING: The server did not provide any stacktrace information)
Command duration or timeout: 0 milliseconds
For documentation on this error, please visit: http://seleniumhq.org/exceptions/no_such_element.html
Build info: version: '3.141.5', revision: 'd54ebd709a', time: '2018-11-06T11:42:16'
System info: host: 'LEOMAHESH-PC', ip: '10.10.4.59', os.name: 'Windows 7', os.arch: 'amd64', os.version: '6.1', java.version: '1.8.0_20'
Driver info: org.openqa.selenium.ie.InternetExplorerDriver
Capabilities {browserAttachTimeout: 0, browserName: internet explorer, cssSelectorsEnabled: true, elementScrollBehavior: 0, enableElementCacheCleanup: true, enablePersistentHover: true, handlesAlerts: true, ie.browserCommandLineSwitches: , ie.ensureCleanSession: false, ie.forceCreateProcessApi: false, ie.usePerProcessProxy: false, ignoreProtectedModeSettings: false, ignoreZoomSetting: false, initialBrowserUrl: http://localhost:31652/, javascriptEnabled: true, nativeEvents: true, pageLoadStrategy: normal, platform: WINDOWS, platformName: WINDOWS, requireWindowFocus: false, takesScreenshot: true, unexpectedAlertBehaviour: dismiss, unhandledPromptBehavior: dismiss, version: 11}
Session ID: f78fa00e-68bc-4e08-aff8-6543a4d69506
*** Element info: {Using=xpath, value=//img[@src='/juniper-sh-qa-c-20/Content/Encor-electronics-logo.png']}
	at com.juniper.suite.TestFramWork.Test2(TestFramWork.java:56)

Test4(com.juniper.suite.TestFramWork)  Time elapsed: 1.485 sec  <<< FAILURE!
java.lang.AssertionError: NotMatch expected [Rate Measures For Q1 2018 (EH)] but found [Rate Measures For 2019 Calendar Year (EH)]
	at com.juniper.suite.TestFramWork.Test4(TestFramWork.java:86)

Test5(com.juniper.suite.TestFramWork)  Time elapsed: 0.931 sec  <<< FAILURE!
java.lang.AssertionError: NotMatch expected [EH Objective Measures For Period Q1 2018] but found []
	at com.juniper.suite.TestFramWork.Test5(TestFramWork.java:168)

Test6(com.juniper.suite.TestFramWork)  Time elapsed: 10.695 sec  <<< FAILURE!
org.openqa.selenium.NoSuchElementException: 
Unable to find element with xpath == //ul[@id='epECQMTab']/li[1]/a (WARNING: The server did not provide any stacktrace information)
Command duration or timeout: 0 milliseconds
For documentation on this error, please visit: http://seleniumhq.org/exceptions/no_such_element.html
Build info: version: '3.141.5', revision: 'd54ebd709a', time: '2018-11-06T11:42:16'
System info: host: 'LEOMAHESH-PC', ip: '10.10.4.59', os.name: 'Windows 7', os.arch: 'amd64', os.version: '6.1', java.version: '1.8.0_20'
Driver info: org.openqa.selenium.ie.InternetExplorerDriver
Capabilities {browserAttachTimeout: 0, browserName: internet explorer, cssSelectorsEnabled: true, elementScrollBehavior: 0, enableElementCacheCleanup: true, enablePersistentHover: true, handlesAlerts: true, ie.browserCommandLineSwitches: , ie.ensureCleanSession: false, ie.forceCreateProcessApi: false, ie.usePerProcessProxy: false, ignoreProtectedModeSettings: false, ignoreZoomSetting: false, initialBrowserUrl: http://localhost:21036/, javascriptEnabled: true, nativeEvents: true, pageLoadStrategy: normal, platform: WINDOWS, platformName: WINDOWS, requireWindowFocus: false, takesScreenshot: true, unexpectedAlertBehaviour: dismiss, unhandledPromptBehavior: dismiss, version: 11}
Session ID: 971d2369-c190-4564-bae0-7b8b432fa5af
*** Element info: {Using=xpath, value=//ul[@id='epECQMTab']/li[1]/a}
	at com.juniper.suite.TestFramWork.Test6(TestFramWork.java:185)

Test7(com.juniper.suite.TestFramWork)  Time elapsed: 3.347 sec  <<< FAILURE!
java.lang.AssertionError: NotMatch expected [Improvement Activities Implementation for 01/01/2017 to 12/31/2017] but found []
	at com.juniper.suite.TestFramWork.Test7(TestFramWork.java:219)

Test8(com.juniper.suite.TestFramWork)  Time elapsed: 0.577 sec  <<< FAILURE!
java.lang.AssertionError: NotMatch expected [ACI Transition Measures For Period Q1 2018] but found []
	at com.juniper.suite.TestFramWork.Test8(TestFramWork.java:246)

Test9(com.juniper.suite.TestFramWork)  Time elapsed: 0.605 sec  <<< FAILURE!
java.lang.AssertionError: NotMatch expected [Submission Schedule] but found [PI EC]
	at com.juniper.suite.TestFramWork.Test9(TestFramWork.java:265)

